<?xml version="1.0" encoding="UTF-8"?>
<!-- Generated by org.testng.reporters.JUnitReportReporter -->
<testsuite hostname="INFCHSZA2336" name="agripalAutomation.UserLogin" tests="1" failures="0" timestamp="23 Mar 2018 09:51:33 GMT" time="26.820" errors="0">
  <testcase name="login" time="26.820" classname="agripalAutomation.UserLogin"/>
</testsuite> <!-- agripalAutomation.UserLogin -->
